
Structure for table:          D:\POLIDISK\ERB9600.DBF
Number of data records:       3165    
Date of last update:          07/01/09
Code Page:                    1252    
Field  Field Name      Type                Width    Dec   Index   Collate Nulls    Next    Step
    1  GL              Character               1                             No
    2  ST              Numeric                 2                             No
    3  CY              Numeric                 3                             No
    4  CYKEY           Character               5            Asc   Machine    No
    5  STA             Character               2                             No
    6  CYABB           Character               5                             No
    7  CNAME           Character              24                             No
    8  G96P_YEAR       Numeric                 4                             No
    9  G96P_DV         Numeric                 9                             No
   10  G96P_RV         Numeric                 9                             No
   11  G96P_I1V        Numeric                 9                             No
   12  G96P_I2V        Numeric                 9                             No
   13  G96P_SV         Numeric                 9                             No
   14  G96P_TV         Numeric                 9                             No
   15  G96P_DP         Numeric                 5      1                      No
   16  G96P_RP         Numeric                 5      1                      No
   17  G96P_I1P        Numeric                 5      1                      No
   18  G96P_I2P        Numeric                 5      1                      No
   19  G96P_SP         Numeric                 5      1                      No
   20  G96P_WF         Character               1                             No
   21  G96P_PV         Numeric                 9                             No
   22  G96P_PP         Numeric                 5      1                      No
   23  G96P_OV         Numeric                 9                             No
   24  G96P_OP         Numeric                 5      1                      No
   25  G96P_M1V        Numeric                 9                             No
   26  G96P_M2V        Numeric                 9                             No
   27  G96P_M3V        Numeric                 9                             No
   28  G96P_M4V        Numeric                 9                             No
   29  G96P_M5V        Numeric                 9                             No
   30  G00P_YEAR       Numeric                 4                             No
   31  G00P_DV         Numeric                 9                             No
   32  G00P_RV         Numeric                 9                             No
   33  G00P_I1V        Numeric                 9                             No
   34  G00P_I2V        Numeric                 9                             No
   35  G00P_SV         Numeric                 9                             No
   36  G00P_TV         Numeric                 9                             No
   37  G00P_DP         Numeric                 5      1                      No
   38  G00P_RP         Numeric                 5      1                      No
   39  G00P_I1P        Numeric                 5      1                      No
   40  G00P_I2P        Numeric                 5      1                      No
   41  G00P_SP         Numeric                 5      1                      No
   42  G00P_WF         Character               1                             No
   43  G00P_PV         Numeric                 9                             No
   44  G00P_PP         Numeric                 5      1                      No
   45  G00P_OV         Numeric                 9                             No
   46  G00P_OP         Numeric                 5      1                      No
   47  G00P_M1V        Numeric                 9                             No
   48  G00P_M2V        Numeric                 9                             No
   49  G00P_M3V        Numeric                 9                             No
   50  G00P_M4V        Numeric                 9                             No
   51  G00P_M5V        Numeric                 9                             No
   52  POP_FIELDS      Character               1                             No
   53  POP_1996        Numeric                 9                             No
   54  VAP_1996        Numeric                 9                             No
   55  POP_2000        Numeric                 9                             No
   56  VAP_2000        Numeric                 9                             No
   57  POPM_1996       Character               1                             No
   58  VAPM_1996       Character               1                             No
   59  POPM_2000       Character               1                             No
   60  VAPM_2000       Character               1                             No
   61  G96P_TAPV       Numeric                 5      1                      No
   62  G00P_TAPV       Numeric                 5      1                      No
   63  G96P_TAPP       Numeric                 5      1                      No
   64  G00P_TAPP       Numeric                 5      1                      No
   65  FF              Character               1                             No
   66  VERSION         Character               5                             No
** Total **                                  424
